[0408/192224:ERROR:process_reader_win.cc(141)] SuspendThread: Access is denied. (0x5)
[0408/192224:ERROR:process_reader_win.cc(232)] ReadMemory at 0x73b75a84 of 35 bytes failed: Only part of a ReadProcessMemory or WriteProcessMemory request was completed. (0x12B)
[0408/192224:WARNING:pe_image_reader.cc(154)] could not read debug directory from C:\WINDOWS\SYSTEM32\fwbase.dll
[0408/192224:ERROR:process_reader_win.cc(232)] ReadMemory at 0x73c30000 of 64 bytes failed: Only part of a ReadProcessMemory or WriteProcessMemory request was completed. (0x12B)
[0408/192224:WARNING:pe_image_reader.cc(280)] could not read dos header from C:\WINDOWS\SYSTEM32\DAVHLPR.DLL
[0408/192224:ERROR:process_reader_win.cc(232)] ReadMemory at 0x73310000 of 64 bytes failed: Only part of a ReadProcessMemory or WriteProcessMemory request was completed. (0x12B)
[0408/192224:WARNING:pe_image_reader.cc(280)] could not read dos header from C:\WINDOWS\SYSTEM32\IPHLPAPI.DLL
[0408/192224:ERROR:process_reader_win.cc(232)] ReadMemory at 0x6f660000 of 64 bytes failed: Only part of a ReadProcessMemory or WriteProcessMemory request was completed. (0x12B)
[0408/192224:WARNING:pe_image_reader.cc(280)] could not read dos header from C:\WINDOWS\SYSTEM32\USP10.dll
[0408/192224:ERROR:process_reader_win.cc(232)] ReadMemory at 0x73350000 of 64 bytes failed: Only part of a ReadProcessMemory or WriteProcessMemory request was completed. (0x12B)
[0408/192224:WARNING:pe_image_reader.cc(280)] could not read dos header from C:\WINDOWS\SYSTEM32\Secur32.dll
[0408/192224:ERROR:process_reader_win.cc(232)] ReadMemory at 0x59e50000 of 64 bytes failed: Only part of a ReadProcessMemory or WriteProcessMemory request was completed. (0x12B)
[0408/192224:WARNING:pe_image_reader.cc(280)] could not read dos header from C:\Program Files (x86)\Google\Chrome\Application\49.0.2623.87\chrome_child.dll
[0408/192224:ERROR:process_reader_win.cc(232)] ReadMemory at 0x6f940000 of 64 bytes failed: Only part of a ReadProcessMemory or WriteProcessMemory request was completed. (0x12B)
[0408/192224:WARNING:pe_image_reader.cc(280)] could not read dos header from C:\WINDOWS\SYSTEM32\dwrite.dll
[0408/192224:ERROR:exception_snapshot_win.cc(56)] thread ID 62392 not found in process
[0408/192224:WARNING:crash_report_exception_handler.cc(60)] ProcessSnapshotWin::InitializeException failed
[0408/192224:ERROR:scoped_process_suspend.cc(38)] NtResumeProcess, ntstatus=-1073741558
[0725/223224:ERROR:process_info.cc(608)] range at 0xdcc9372200000000, size 0x1a6 fully unreadable
[0725/223224:ERROR:process_info.cc(608)] range at 0xdcc9378200000000, size 0x1a6 fully unreadable
[0725/223224:ERROR:process_info.cc(608)] range at 0x0, size 0x1a6 fully unreadable
[0725/223224:WARNING:in_range_cast.h(38)] value 1816180364920 out of range
[0725/223224:WARNING:in_range_cast.h(38)] value 1816180362692 out of range
[0725/223224:WARNING:in_range_cast.h(38)] value 1816180365040 out of range
[0725/223224:WARNING:in_range_cast.h(38)] value 1816180361690 out of range
[0725/223224:WARNING:in_range_cast.h(38)] value 1816180847360 out of range
[0801/175713:ERROR:process_info.cc(608)] range at 0x3605372c00000000, size 0x282 fully unreadable
[0801/175713:ERROR:process_info.cc(608)] range at 0x3605378e00000000, size 0x282 fully unreadable
[0801/175713:ERROR:process_info.cc(608)] range at 0x0, size 0x282 fully unreadable
[0801/175713:WARNING:in_range_cast.h(38)] value 2758275307132 out of range
[0801/175713:WARNING:in_range_cast.h(38)] value 2758275304904 out of range
[0801/175713:WARNING:in_range_cast.h(38)] value 2758275307252 out of range
[0801/175713:WARNING:in_range_cast.h(38)] value 2758275303900 out of range
[0801/175713:WARNING:in_range_cast.h(38)] value 2758275800784 out of range
